C51 COMPILER V9.00   LCD1602                                                               12/13/2017 21:37:57 PAGE 1   


C51 COMPILER V9.00, COMPILATION OF MODULE LCD1602
OBJECT MODULE PLACED IN LCD1602.OBJ
COMPILER INVOKED BY: E:\2.DevelopSoft\Keil\C51\BIN\C51.EXE LCD1602.c BROWSE DEBUG OBJECTEXTEND

line level    source

   1          /*********************************************************************
   2                           作者：神秘藏宝室
   3                           店铺：ILoveMCU.taobao.com
   4          
   5                  本例程仅适用于在本店购买模块的用户使用，鄙视其它店铺的盗用行为
   6                  版权所有，盗版必究！！！
   7                  MC20 GSM/GPRS/GPS开发板：
   8                  https://item.taobao.com/item.htm?id=562661881042
   9                  SIM800 GSM/GPRS模块
  10                  https://item.taobao.com/item.htm?id=521599424969
  11                  STC89C52/STC12C5A60S2最小系统：
  12                  https://item.taobao.com/item.htm?id=26410708738
  13                  USB-TTL模块：
  14                  https://item.taobao.com/item.htm?id=39481188174
  15                  移动场合供电用锂电池套装：
  16                  https://item.taobao.com/item.htm?id=530904849115
  17          *********************************************************************/
  18          #include "LCD1602.h"
  19          
  20          //****************************************************
  21          //MS延时函数(12M晶振下测试)
  22          //****************************************************
  23          void LCD1602_delay_ms(unsigned int n)
  24          {
  25   1              unsigned int  i,j;
  26   1              for(i=0;i<n;i++)
  27   1                      for(j=0;j<123;j++);
  28   1      }
  29          
  30          //****************************************************
  31          //写指令
  32          //****************************************************
  33          void LCD1602_write_com(unsigned char com)
  34          {
  35   1              LCD1602_RS = 0;
  36   1              LCD1602_delay_ms(1);
  37   1              LCD1602_EN = 1;
  38   1              LCD1602_PORT = com;
  39   1              LCD1602_delay_ms(1);
  40   1              LCD1602_EN = 0;
  41   1      }
  42          
  43          //****************************************************
  44          //写数据
  45          //****************************************************
  46          void LCD1602_write_data(unsigned char dat)
  47          {
  48   1              LCD1602_RS = 1;
  49   1              LCD1602_delay_ms(1);    
  50   1              LCD1602_PORT = dat;
  51   1              LCD1602_EN = 1;
  52   1              LCD1602_delay_ms(1);
  53   1              LCD1602_EN = 0;
  54   1      }
  55          
C51 COMPILER V9.00   LCD1602                                                               12/13/2017 21:37:57 PAGE 2   

  56          //****************************************************
  57          //连续写字符
  58          //****************************************************
  59          void LCD1602_write_word(unsigned char *s)
  60          {
  61   1              while(*s>0)
  62   1              {
  63   2                      LCD1602_write_data(*s);
  64   2                      s++;
  65   2              }
  66   1      }
  67          
  68          void Init_LCD1602()
  69          {
  70   1              LCD1602_EN = 0;
  71   1              LCD1602_RW = 0;                                         //设置为写状态
  72   1              LCD1602_write_com(0x38);                        //显示模式设定
  73   1              LCD1602_write_com(0x0c);                        //开关显示、光标有无设置、光标闪烁设置
  74   1              LCD1602_write_com(0x06);                        //写一个字符后指针加一
  75   1              LCD1602_write_com(0x01);                        //清屏指令
  76   1      }
  77          
  78          


MODULE INFORMATION:   STATIC OVERLAYABLE
   CODE SIZE        =    136    ----
   CONSTANT SIZE    =   ----    ----
   XDATA SIZE       =   ----    ----
   PDATA SIZE       =   ----    ----
   DATA SIZE        =   ----       3
   IDATA SIZE       =   ----    ----
   BIT SIZE         =   ----    ----
END OF MODULE INFORMATION.


C51 COMPILATION COMPLETE.  0 WARNING(S),  0 ERROR(S)
