C51 COMPILER V9.00   UART                                                                  06/02/2017 18:30:12 PAGE 1   


C51 COMPILER V9.00, COMPILATION OF MODULE UART
OBJECT MODULE PLACED IN uart.OBJ
COMPILER INVOKED BY: E:\2.DevelopSoft\Keil\C51\BIN\C51.EXE uart.c BROWSE DEBUG OBJECTEXTEND

line level    source

   1          /*********************************************************************
   2                           作者：神秘藏宝室
   3                           店铺：ILoveMCU.taobao.com
   4          
   5                  本例程仅适用于在本店购买模块的用户使用，鄙视其它店铺的盗用行为
   6                  版权所有，盗版必究！！！
   7                  SIM800 GSM/GPRS模块
   8                  https://item.taobao.com/item.htm?id=521599424969
   9                  STC89C52最小系统：
  10                  https://item.taobao.com/item.htm?id=524713612727
  11                  STC12C5A60S2最小系统：
  12                  https://item.taobao.com/item.htm?id=524701473371
  13                  USB-TTL模块：
  14                  https://item.taobao.com/item.htm?id=39481188174
  15                  移动电源锂电池套装
  16                  https://item.taobao.com/item.htm?id=530904849115
  17                  移动场合供电用锂电池套装：
  18                  https://item.taobao.com/item.htm?id=530904849115
  19          *********************************************************************/
  20          #include "uart.h"
  21          
  22          
  23          #define Uart1_Buf_Max 100               //串口数据缓存长度
  24          u8 xdata  Rec_Buf[Uart1_Buf_Max];  //串口数据缓存
  25          u8 point1 = 0;             //绶存指针
  26          bit isGetMessage=0;
  27          bit isStartGetMessage = 0;
  28          
  29          void Uart_Init()                                                                   
  30          {       
  31   1              SCON = 0X50;  //UART方式1；8位UART
  32   1              REN  = 1;     //不允许串行口接收数据
  33   1              PCON = 0x00;  //SMOD=0;波特率不加倍
  34   1              TMOD = 0x20;  //T1方式2，用于产生波特率
  35   1              TH1  = 0xFD;  //装初值
  36   1              TL1  = 0xFD;
  37   1              TR1  = 1;     //启动定时器1
  38   1              EA   = 1;     //打开全局中断控制
  39   1              ES   = 1;     //串行口中断      
  40   1      }
  41          
  42          
  43          /*----------------------------
  44          发送串口数据
  45          ----------------------------*/
  46          void SendData(unsigned char ch)
  47          {
  48   1          SBUF = ch;                 //写数据到UART数据寄存器
  49   1                      while(TI == 0);
  50   1                      TI = 0;
  51   1      }
  52          
  53          /*----------------------------
  54          发送字符串
  55          ----------------------------*/
C51 COMPILER V9.00   UART                                                                  06/02/2017 18:30:12 PAGE 2   

  56          void SendString(char *s)
  57          {
  58   1          while (*s)                  //检测字符串结束标志
  59   1          {
  60   2              SendData(*s++);         //发送当前字符
  61   2          }
  62   1      }
  63          
  64          bit Hand(unsigned char *a)                   // 串口命令识别函数
  65          { 
  66   1          if(strstr(Rec_Buf,a)!=NULL)
  67   1                  return 1;
  68   1              else
  69   1                      return 0;
  70   1      }
  71          
  72          void CLR_Buf(void)                           // 串口缓存清理
  73          {
  74   1              memset(Rec_Buf, 0, Uart1_Buf_Max);      //清空
  75   1      
  76   1          point1 = 0;                    
  77   1      }
  78          
  79          void RECEIVE_DATA(void) interrupt 4 using 1         //串口中断                  
  80          {    
  81   1              ES = 0;
  82   1              if (RI)
  83   1          {
  84   2              RI = 0;                                //清除RI位
  85   2                      Rec_Buf[point1] = SBUF; 
  86   2      //              if (Rec_Buf[0] == 0xd9)
  87   2      //                      {
  88   2      //                              IAP_CONTR = 0x60;
  89   2      //                      }
  90   2                      if( Rec_Buf[point1] == '+')
  91   2                      {
  92   3                              isStartGetMessage = 1;
  93   3                      }
  94   2                              
  95   2                      point1++;               
  96   2                      if(point1>=Uart1_Buf_Max)          
  97   2                      {
  98   3                              point1 = 0;
  99   3                      }
 100   2                          
 101   2      
 102   2          }
 103   1              ES =  1;
 104   1      
 105   1      }
 106          
 107          
 108          
 109          
 110          
 111          
 112          
 113          
 114          
 115          
 116          

C51 COMPILER V9.00   UART                                                                  06/02/2017 18:30:12 PAGE 3   


MODULE INFORMATION:   STATIC OVERLAYABLE
   CODE SIZE        =    187    ----
   CONSTANT SIZE    =   ----    ----
   XDATA SIZE       =    100    ----
   PDATA SIZE       =   ----    ----
   DATA SIZE        =      1       6
   IDATA SIZE       =   ----    ----
   BIT SIZE         =      2    ----
END OF MODULE INFORMATION.


C51 COMPILATION COMPLETE.  0 WARNING(S),  0 ERROR(S)
