C51 COMPILER V9.00   MAIN                                                                  12/12/2017 23:50:20 PAGE 1   


C51 COMPILER V9.00, COMPILATION OF MODULE MAIN
OBJECT MODULE PLACED IN main.OBJ
COMPILER INVOKED BY: E:\2.DevelopSoft\Keil\C51\BIN\C51.EXE main.c BROWSE DEBUG OBJECTEXTEND

line level    source

   1          /*********************************************************************
   2                           作者：神秘藏宝室
   3                           店铺：ILoveMCU.taobao.com
   4          
   5                  本例程仅适用于在本店购买模块的用户使用，鄙视其它店铺的盗用行为
   6                  版权所有，盗版必究！！！
   7                  MC20 GSM/GPRS/GPS开发板：
   8                  https://item.taobao.com/item.htm?id=562661881042
   9                  SIM800 GSM/GPRS模块
  10                  https://item.taobao.com/item.htm?id=521599424969
  11                  STC89C52/STC12C5A60S2最小系统：
  12                  https://item.taobao.com/item.htm?id=26410708738
  13                  USB-TTL模块：
  14                  https://item.taobao.com/item.htm?id=39481188174
  15                  移动场合供电用锂电池套装：
  16                  https://item.taobao.com/item.htm?id=530904849115
  17          *********************************************************************/
  18          
  19          #include "main.h"
  20          #include "uart.h"
  21          
  22          //常量
  23          #define Success 1U
  24          #define Failure 0U
  25          
  26          //定义变量
  27          unsigned long  Time_Cont = 0;       //定时器计数器
  28          
  29          char phoneNumber[] = "173xxxxxxx1";             //替换成需要被拨打电话的号码
  30          char msg[] = "ILoveMCU.taobao.com";             //短信内容      
  31          
  32          //****************************************************
  33          //主函数
  34          //****************************************************
  35          void main()
  36          {
  37   1      
  38   1          Uart_Init();                                                  
  39   1      
  40   1              if (sendCommand("AT\r\n", "OK\r\n", 3000, 10) == Success);
  41   1              else errorLog();
  42   1              delay_ms(10);
  43   1      
  44   1              if (sendCommand("AT+CPIN?\r\n", "READY", 1000, 10) == Success);
  45   1              else errorLog();
  46   1              delay_ms(10);
  47   1      
  48   1              if (sendCommand("AT+CREG?\r\n", "CREG: 0,1", 1000, 10) == Success);
  49   1              else
  50   1              {
  51   2                      delay_ms(10);
  52   2                      if (sendCommand("AT+CREG?\r\n", "CREG: 0,5", 1000, 10) == Success);
  53   2                      else errorLog();
  54   2              }
  55   1      
C51 COMPILER V9.00   MAIN                                                                  12/12/2017 23:50:20 PAGE 2   

  56   1              if (sendCommand("AT+CMGF=1\r\n", "OK\r\n", 1000, 10) == Success);
  57   1              else errorLog();
  58   1              delay_ms(10);
  59   1      
  60   1              if (sendCommand("AT+CSCS=\"GSM\"\r\n", "OK\r\n", 1000, 10) == Success);
  61   1              else errorLog();
  62   1              delay_ms(10);
  63   1      
  64   1              sendMessage(phoneNumber,msg);           //发送短信
  65   1      
  66   1              while(1)
  67   1              {       
  68   2      
  69   2              }
  70   1      }
  71          
  72          void sendMessage(char *number,char *msg)
  73          {
  74   1              xdata char send_buf[20] = {0};
  75   1              memset(send_buf, 0, 20);    //清空
  76   1              strcpy(send_buf, "AT+CMGS=\"");
  77   1              strcat(send_buf, number);
  78   1              strcat(send_buf, "\"\r\n");
  79   1              if (sendCommand(send_buf, ">", 3000, 10) == Success);
  80   1              else errorLog();
  81   1      
  82   1              if (sendCommand(msg, msg, 3000, 10) == Success);
  83   1              else errorLog();
  84   1      
  85   1              memset(send_buf, 0, 40);    //清空
  86   1              send_buf[0] = 0x1a;
  87   1              send_buf[1] = '\0';
  88   1              if (sendCommand(send_buf, "OK\r\n", 10000, 5) == Success);
  89   1              else errorLog();
  90   1      }
  91          
  92          void phone(char *number)
  93          {
  94   1              char send_buf[20] = {0};
  95   1              memset(send_buf, 0, 20);    //清空
  96   1              strcpy(send_buf, "ATD");
  97   1              strcat(send_buf, number);
  98   1              strcat(send_buf, ";\r\n");
  99   1      
 100   1              if (sendCommand(send_buf, "OK\r\n", 10000, 10) == Success);
 101   1              else errorLog();
 102   1      }
 103          
 104          void errorLog()
 105          {
 106   1              while (1)
 107   1              {
 108   2                      if (sendCommand("AT\r\n", "OK\r\n", 100, 10) == Success)
 109   2                      {
 110   3                              soft_reset();
 111   3                      }
 112   2                      delay_ms(200);
 113   2              }
 114   1      }
 115          
 116          void soft_reset(void)    //制造重启命令
 117          {
C51 COMPILER V9.00   MAIN                                                                  12/12/2017 23:50:20 PAGE 3   

 118   1         ((void (code *) (void)) 0x0000) ();
 119   1      }
 120          
 121          unsigned int sendCommand(char *Command, char *Response, unsigned long Timeout, unsigned char Retry)
 122          {
 123   1              unsigned char n;
 124   1              CLR_Buf();
 125   1              for (n = 0; n < Retry; n++)
 126   1              {
 127   2                      SendString(Command);            //发送GPRS指令
 128   2      
 129   2                      Time_Cont = 0;
 130   2                      while (Time_Cont < Timeout)
 131   2                      {
 132   3                              delay_ms(100);
 133   3                              Time_Cont += 100;
 134   3                              if (strstr(Rec_Buf, Response) != NULL)
 135   3                              {
 136   4                                      
 137   4                                      CLR_Buf();
 138   4                                      return Success;
 139   4                              }
 140   3                              
 141   3                      }
 142   2                      Time_Cont = 0;
 143   2              }
 144   1              
 145   1              CLR_Buf();
 146   1              return Failure;
 147   1      }
 148          
 149          //****************************************************
 150          //MS延时函数(12M晶振下测试)
 151          //****************************************************
 152          void delay_ms(unsigned int n)
 153          {
 154   1              unsigned int  i,j;
 155   1                      for(i=0;i<n;i++)
 156   1                              for(j=0;j<123;j++);
 157   1      }


MODULE INFORMATION:   STATIC OVERLAYABLE
   CODE SIZE        =    857    ----
   CONSTANT SIZE    =    150    ----
   XDATA SIZE       =   ----      20
   PDATA SIZE       =   ----    ----
   DATA SIZE        =     36      41
   IDATA SIZE       =   ----    ----
   BIT SIZE         =   ----    ----
END OF MODULE INFORMATION.


C51 COMPILATION COMPLETE.  0 WARNING(S),  0 ERROR(S)
