Removed Pin From Net: NetName=LCD_CS Pin=2.4'/2.8'LCD-1
Removed Pin From Net: NetName=RS Pin=2.4'/2.8'LCD-2
Removed Pin From Net: NetName=PD5 Pin=2.4'/2.8'LCD-3
Removed Pin From Net: NetName=RD Pin=2.4'/2.8'LCD-4
Removed Pin From Net: NetName=NRST Pin=2.4'/2.8'LCD-5
Removed Pin From Net: NetName=D0 Pin=2.4'/2.8'LCD-6
Removed Pin From Net: NetName=D1 Pin=2.4'/2.8'LCD-7
Removed Pin From Net: NetName=D2 Pin=2.4'/2.8'LCD-8
Removed Pin From Net: NetName=D3 Pin=2.4'/2.8'LCD-9
Removed Pin From Net: NetName=D4 Pin=2.4'/2.8'LCD-10
Removed Pin From Net: NetName=D5 Pin=2.4'/2.8'LCD-11
Removed Pin From Net: NetName=D6 Pin=2.4'/2.8'LCD-12
Removed Pin From Net: NetName=D7 Pin=2.4'/2.8'LCD-13
Removed Pin From Net: NetName=D8 Pin=2.4'/2.8'LCD-14
Removed Pin From Net: NetName=D9 Pin=2.4'/2.8'LCD-15
Removed Pin From Net: NetName=D10 Pin=2.4'/2.8'LCD-16
Removed Pin From Net: NetName=D11 Pin=2.4'/2.8'LCD-17
Removed Pin From Net: NetName=D12 Pin=2.4'/2.8'LCD-18
Removed Pin From Net: NetName=D13 Pin=2.4'/2.8'LCD-19
Removed Pin From Net: NetName=D14 Pin=2.4'/2.8'LCD-20
Removed Pin From Net: NetName=D15 Pin=2.4'/2.8'LCD-21
Removed Pin From Net: NetName=GND Pin=2.4'/2.8'LCD-22
Removed Pin From Net: NetName=BL Pin=2.4'/2.8'LCD-23
Removed Pin From Net: NetName=3V3 Pin=2.4'/2.8'LCD-24
Removed Pin From Net: NetName=3V3 Pin=2.4'/2.8'LCD-25
Removed Pin From Net: NetName=GND Pin=2.4'/2.8'LCD-26
Removed Pin From Net: NetName=GND Pin=2.4'/2.8'LCD-27
Removed Pin From Net: NetName=+5 Pin=2.4'/2.8'LCD-28
Removed Pin From Net: NetName=BOOT1 Pin=2.4'/2.8'LCD-29
Removed Pin From Net: NetName=MOSI Pin=2.4'/2.8'LCD-30
Removed Pin From Net: NetName=PEN Pin=2.4'/2.8'LCD-31
Removed Pin From Net: NetName=MO Pin=2.4'/2.8'LCD-32
Removed Pin From Net: NetName=CS Pin=2.4'/2.8'LCD-33
Removed Pin From Net: NetName=CLK Pin=2.4'/2.8'LCD-34
Removed Member From Class: ClassName=ÐÂÃç Member=2.4'/2.8'LCD
Added Component: Designator=LCD(HDR2X17)
Added Pin To Net: NetName=LCD_CS Pin=LCD-1
Added Pin To Net: NetName=RS Pin=LCD-2
Added Pin To Net: NetName=PD5 Pin=LCD-3
Added Pin To Net: NetName=RD Pin=LCD-4
Added Pin To Net: NetName=NRST Pin=LCD-5
Added Pin To Net: NetName=D0 Pin=LCD-6
Added Pin To Net: NetName=D1 Pin=LCD-7
Added Pin To Net: NetName=D2 Pin=LCD-8
Added Pin To Net: NetName=D3 Pin=LCD-9
Added Pin To Net: NetName=D4 Pin=LCD-10
Added Pin To Net: NetName=D5 Pin=LCD-11
Added Pin To Net: NetName=D6 Pin=LCD-12
Added Pin To Net: NetName=D7 Pin=LCD-13
Added Pin To Net: NetName=D8 Pin=LCD-14
Added Pin To Net: NetName=D9 Pin=LCD-15
Added Pin To Net: NetName=D10 Pin=LCD-16
Added Pin To Net: NetName=D11 Pin=LCD-17
Added Pin To Net: NetName=D12 Pin=LCD-18
Added Pin To Net: NetName=D13 Pin=LCD-19
Added Pin To Net: NetName=D14 Pin=LCD-20
Added Pin To Net: NetName=D15 Pin=LCD-21
Added Pin To Net: NetName=GND Pin=LCD-22
Added Pin To Net: NetName=BL Pin=LCD-23
Added Pin To Net: NetName=3V3 Pin=LCD-24
Added Pin To Net: NetName=3V3 Pin=LCD-25
Added Pin To Net: NetName=GND Pin=LCD-26
Added Pin To Net: NetName=GND Pin=LCD-27
Added Pin To Net: NetName=+5 Pin=LCD-28
Added Pin To Net: NetName=BOOT1 Pin=LCD-29
Added Pin To Net: NetName=MOSI Pin=LCD-30
Added Pin To Net: NetName=PEN Pin=LCD-31
Added Pin To Net: NetName=MO Pin=LCD-32
Added Pin To Net: NetName=CS Pin=LCD-33
Added Pin To Net: NetName=CLK Pin=LCD-34
Added Member To Class: ClassName=ÐÂÃç Member=Component LCD Header 17X2
Added Room: Name=ÐÂÃç
