Added Pin To Net: NetName=BOOT1 Pin=2.4'/2.8'LCD-29
Added Pin To Net: NetName=MOSI Pin=U1-21
Added Pin To Net: NetName=PEN Pin=U1-22
Added Pin To Net: NetName=BL Pin=U1-46
Added Pin To Net: NetName=CLK Pin=U1-47
Added Pin To Net: NetName=CS Pin=U1-49
Added Pin To Net: NetName=D4 Pin=U1-58
Added Pin To Net: NetName=D5 Pin=U1-59
Added Pin To Net: NetName=D6 Pin=U1-60
Added Pin To Net: NetName=D7 Pin=U1-63
Added Pin To Net: NetName=D8 Pin=U1-64
Added Pin To Net: NetName=D9 Pin=U1-65
Added Pin To Net: NetName=D10 Pin=U1-66
Added Pin To Net: NetName=D11 Pin=U1-67
Added Pin To Net: NetName=D12 Pin=U1-68
Added Pin To Net: NetName=D13 Pin=U1-77
Added Pin To Net: NetName=D14 Pin=U1-78
Added Pin To Net: NetName=D15 Pin=U1-79
Added Pin To Net: NetName=D0 Pin=U1-85
Added Pin To Net: NetName=D1 Pin=U1-86
Added Pin To Net: NetName=D2 Pin=U1-114
Added Pin To Net: NetName=D3 Pin=U1-115
