Added Component: Designator=BEEP1(BELL-5)
Added Component: Designator=Q1(SOT-23R)
Added Component: Designator=R6(0603P)
Added Component: Designator=R7(0603P)
Added Pin To Net: NetName=3V3 Pin=BEEP1-1
Added Pin To Net: NetName=GND Pin=Q1-1
Added Pin To Net: NetName=GND Pin=R7-1
Added Pin To Net: NetName=BEEP Pin=R6-1
Added Pin To Net: NetName=BEEP Pin=U1-139
Added Net: Name=BEEP
Added Pin To Net: NetName=NetBEEP1_2 Pin=BEEP1-2
Added Pin To Net: NetName=NetBEEP1_2 Pin=Q1-3
Added Net: Name=NetBEEP1_2
Added Pin To Net: NetName=NetQ1_2 Pin=Q1-2
Added Pin To Net: NetName=NetQ1_2 Pin=R6-2
Added Pin To Net: NetName=NetQ1_2 Pin=R7-2
Added Net: Name=NetQ1_2
Added Member To Class: ClassName=新苗 Member=Component BEEP1 BEEP
Added Member To Class: ClassName=新苗 Member=Component Q1 S8050
Added Member To Class: ClassName=新苗 Member=Component R6 1K
Added Member To Class: ClassName=新苗 Member=Component R7 10K
