Removed Pin From Net: NetName=LCD_CS Pin=LCD-1
Removed Pin From Net: NetName=RS Pin=LCD-2
Removed Pin From Net: NetName=PD5 Pin=LCD-3
Removed Pin From Net: NetName=RD Pin=LCD-4
Removed Pin From Net: NetName=NRST Pin=LCD-5
Removed Pin From Net: NetName=D0 Pin=LCD-6
Removed Pin From Net: NetName=D1 Pin=LCD-7
Removed Pin From Net: NetName=D2 Pin=LCD-8
Removed Pin From Net: NetName=D3 Pin=LCD-9
Removed Pin From Net: NetName=D4 Pin=LCD-10
Removed Pin From Net: NetName=D5 Pin=LCD-11
Removed Pin From Net: NetName=D6 Pin=LCD-12
Removed Pin From Net: NetName=D7 Pin=LCD-13
Removed Pin From Net: NetName=D8 Pin=LCD-14
Removed Pin From Net: NetName=D9 Pin=LCD-15
Removed Pin From Net: NetName=D10 Pin=LCD-16
Removed Pin From Net: NetName=D11 Pin=LCD-17
Removed Pin From Net: NetName=D12 Pin=LCD-18
Removed Pin From Net: NetName=D13 Pin=LCD-19
Removed Pin From Net: NetName=D14 Pin=LCD-20
Removed Pin From Net: NetName=D15 Pin=LCD-21
Removed Pin From Net: NetName=GND Pin=LCD-22
Removed Pin From Net: NetName=BL Pin=LCD-23
Removed Pin From Net: NetName=3V3 Pin=LCD-24
Removed Pin From Net: NetName=3V3 Pin=LCD-25
Removed Pin From Net: NetName=GND Pin=LCD-26
Removed Pin From Net: NetName=GND Pin=LCD-27
Removed Pin From Net: NetName=+5 Pin=LCD-28
Removed Pin From Net: NetName=BOOT1 Pin=LCD-29
Removed Pin From Net: NetName=MOSI Pin=LCD-30
Removed Pin From Net: NetName=PEN Pin=LCD-31
Removed Pin From Net: NetName=MO Pin=LCD-32
Removed Pin From Net: NetName=CS Pin=LCD-33
Removed Pin From Net: NetName=CLK Pin=LCD-34
Removed Pin From Net: NetName=PE2 Pin=U1-1
Removed Pin From Net: NetName=PE3 Pin=U1-2
Removed Pin From Net: NetName=PE4 Pin=U1-3
Removed Pin From Net: NetName=PE5 Pin=U1-4
Removed Pin From Net: NetName=PE6 Pin=U1-5
Removed Pin From Net: NetName=PC13 Pin=U1-7
Removed Pin From Net: NetName=PC14 Pin=U1-8
Removed Pin From Net: NetName=PC15 Pin=U1-9
Removed Pin From Net: NetName=PF0 Pin=U1-10
Removed Pin From Net: NetName=PF1 Pin=U1-11
Removed Pin From Net: NetName=PF2 Pin=U1-12
Removed Pin From Net: NetName=PF3 Pin=U1-13
Removed Pin From Net: NetName=PF4 Pin=U1-14
Removed Pin From Net: NetName=PF5 Pin=U1-15
Removed Pin From Net: NetName=GND Pin=U1-16
Removed Pin From Net: NetName=3V3 Pin=U1-17
Removed Pin From Net: NetName=PF6 Pin=U1-18
Removed Pin From Net: NetName=PF7 Pin=U1-19
Removed Pin From Net: NetName=PF8 Pin=U1-20
Removed Pin From Net: NetName=MOSI Pin=U1-21
Removed Pin From Net: NetName=PEN Pin=U1-22
Removed Pin From Net: NetName=X1 Pin=U1-23
Removed Pin From Net: NetName=X2 Pin=U1-24
Removed Pin From Net: NetName=NRST Pin=U1-25
Removed Pin From Net: NetName=PC0 Pin=U1-26
Removed Pin From Net: NetName=PC1 Pin=U1-27
Removed Pin From Net: NetName=PC2 Pin=U1-28
Removed Pin From Net: NetName=PC3 Pin=U1-29
Removed Pin From Net: NetName=NetR3_2 Pin=U1-32
Removed Pin From Net: NetName=VDDA Pin=U1-33
Removed Pin From Net: NetName=PA0 Pin=U1-34
Removed Pin From Net: NetName=PA1 Pin=U1-35
Removed Pin From Net: NetName=PA2 Pin=U1-36
Removed Pin From Net: NetName=PA3 Pin=U1-37
Removed Pin From Net: NetName=GND Pin=U1-38
Removed Pin From Net: NetName=3V3 Pin=U1-39
Removed Pin From Net: NetName=PA4 Pin=U1-40
Removed Pin From Net: NetName=PA5 Pin=U1-41
Removed Pin From Net: NetName=PA6 Pin=U1-42
Removed Pin From Net: NetName=PA7 Pin=U1-43
Removed Pin From Net: NetName=PC4 Pin=U1-44
Removed Pin From Net: NetName=PC5 Pin=U1-45
Removed Pin From Net: NetName=BL Pin=U1-46
Removed Pin From Net: NetName=CLK Pin=U1-47
Removed Pin From Net: NetName=BOOT1 Pin=U1-48
Removed Pin From Net: NetName=CS Pin=U1-49
Removed Pin From Net: NetName=PF12 Pin=U1-50
Removed Pin From Net: NetName=GND Pin=U1-51
Removed Pin From Net: NetName=3V3 Pin=U1-52
Removed Pin From Net: NetName=PF13 Pin=U1-53
Removed Pin From Net: NetName=PF14 Pin=U1-54
Removed Pin From Net: NetName=PF15 Pin=U1-55
Removed Pin From Net: NetName=PG0 Pin=U1-56
Removed Pin From Net: NetName=PG1 Pin=U1-57
Removed Pin From Net: NetName=D4 Pin=U1-58
Removed Pin From Net: NetName=D5 Pin=U1-59
Removed Pin From Net: NetName=D6 Pin=U1-60
Removed Pin From Net: NetName=GND Pin=U1-61
Removed Pin From Net: NetName=3V3 Pin=U1-62
Removed Pin From Net: NetName=D7 Pin=U1-63
Removed Pin From Net: NetName=D8 Pin=U1-64
Removed Pin From Net: NetName=D9 Pin=U1-65
Removed Pin From Net: NetName=D10 Pin=U1-66
Removed Pin From Net: NetName=D11 Pin=U1-67
Removed Pin From Net: NetName=D12 Pin=U1-68
Removed Pin From Net: NetName=PB10 Pin=U1-69
Removed Pin From Net: NetName=PB11 Pin=U1-70
Removed Pin From Net: NetName=GND Pin=U1-71
Removed Pin From Net: NetName=PB12 Pin=U1-73
Removed Pin From Net: NetName=PB13 Pin=U1-74
Removed Pin From Net: NetName=PB14 Pin=U1-75
Removed Pin From Net: NetName=PB15 Pin=U1-76
Removed Pin From Net: NetName=D13 Pin=U1-77
Removed Pin From Net: NetName=D14 Pin=U1-78
Removed Pin From Net: NetName=D15 Pin=U1-79
Removed Pin From Net: NetName=PD11 Pin=U1-80
Removed Pin From Net: NetName=PD12 Pin=U1-81
Removed Pin From Net: NetName=PD13 Pin=U1-82
Removed Pin From Net: NetName=GND Pin=U1-83
Removed Pin From Net: NetName=3V3 Pin=U1-84
Removed Pin From Net: NetName=D0 Pin=U1-85
Removed Pin From Net: NetName=D1 Pin=U1-86
Removed Pin From Net: NetName=PG2 Pin=U1-87
Removed Pin From Net: NetName=PG3 Pin=U1-88
Removed Pin From Net: NetName=PG4 Pin=U1-89
Removed Pin From Net: NetName=PG5 Pin=U1-90
Removed Pin From Net: NetName=PG6 Pin=U1-91
Removed Pin From Net: NetName=PG7 Pin=U1-92
Removed Pin From Net: NetName=PG8 Pin=U1-93
Removed Pin From Net: NetName=GND Pin=U1-94
Removed Pin From Net: NetName=3V3 Pin=U1-95
Removed Pin From Net: NetName=PC6 Pin=U1-96
Removed Pin From Net: NetName=PC7 Pin=U1-97
Removed Pin From Net: NetName=PC8 Pin=U1-98
Removed Pin From Net: NetName=PC9 Pin=U1-99
Removed Pin From Net: NetName=PA8 Pin=U1-100
Removed Pin From Net: NetName=PA9 Pin=U1-101
Removed Pin From Net: NetName=PA10 Pin=U1-102
Removed Pin From Net: NetName=PA11 Pin=U1-103
Removed Pin From Net: NetName=PA12 Pin=U1-104
Removed Pin From Net: NetName=JTMS Pin=U1-105
Removed Pin From Net: NetName=GND Pin=U1-107
Removed Pin From Net: NetName=JTCK Pin=U1-109
Removed Pin From Net: NetName=JTDI Pin=U1-110
Removed Pin From Net: NetName=PC10 Pin=U1-111
Removed Pin From Net: NetName=PC11 Pin=U1-112
Removed Pin From Net: NetName=PC12 Pin=U1-113
Removed Pin From Net: NetName=D2 Pin=U1-114
Removed Pin From Net: NetName=D3 Pin=U1-115
Removed Pin From Net: NetName=PD2 Pin=U1-116
Removed Pin From Net: NetName=PD3 Pin=U1-117
Removed Pin From Net: NetName=PD4 Pin=U1-118
Removed Pin From Net: NetName=PD5 Pin=U1-119
Removed Pin From Net: NetName=GND Pin=U1-120
Removed Pin From Net: NetName=3V3 Pin=U1-121
Removed Pin From Net: NetName=PD6 Pin=U1-122
Removed Pin From Net: NetName=PD7 Pin=U1-123
Removed Pin From Net: NetName=PG9 Pin=U1-124
Removed Pin From Net: NetName=PG10 Pin=U1-125
Removed Pin From Net: NetName=PG11 Pin=U1-126
Removed Pin From Net: NetName=LCD_CS Pin=U1-127
Removed Pin From Net: NetName=PG13 Pin=U1-128
Removed Pin From Net: NetName=PG14 Pin=U1-129
Removed Pin From Net: NetName=GND Pin=U1-130
Removed Pin From Net: NetName=3V3 Pin=U1-131
Removed Pin From Net: NetName=PG15 Pin=U1-132
Removed Pin From Net: NetName=JTDO Pin=U1-133
Removed Pin From Net: NetName=JNRST Pin=U1-134
Removed Pin From Net: NetName=PB5 Pin=U1-135
Removed Pin From Net: NetName=PB6 Pin=U1-136
Removed Pin From Net: NetName=PB7 Pin=U1-137
Removed Pin From Net: NetName=BOOT0 Pin=U1-138
Removed Pin From Net: NetName=BEEP Pin=U1-139
Removed Pin From Net: NetName=PB9 Pin=U1-140
Removed Pin From Net: NetName=PE0 Pin=U1-141
Removed Pin From Net: NetName=PE1 Pin=U1-142
Removed Pin From Net: NetName=GND Pin=U1-143
Removed Pin From Net: NetName=3V3 Pin=U1-144
Removed Member From Class: ClassName=新苗 Member=LCD
Removed Member From Class: ClassName=新苗 Member=U1
Added Component: Designator=2.4'/2.8'LCD(db2*17-4.3)
Added Component: Designator=U?(LQFP144)
Added Pin To Net: NetName=LCD_CS Pin=2.4'/2.8'LCD-1
Added Pin To Net: NetName=RS Pin=2.4'/2.8'LCD-2
Added Pin To Net: NetName=PD5 Pin=2.4'/2.8'LCD-3
Added Pin To Net: NetName=RD Pin=2.4'/2.8'LCD-4
Added Pin To Net: NetName=NRST Pin=2.4'/2.8'LCD-5
Added Pin To Net: NetName=D0 Pin=2.4'/2.8'LCD-6
Added Pin To Net: NetName=D1 Pin=2.4'/2.8'LCD-7
Added Pin To Net: NetName=D2 Pin=2.4'/2.8'LCD-8
Added Pin To Net: NetName=D3 Pin=2.4'/2.8'LCD-9
Added Pin To Net: NetName=D4 Pin=2.4'/2.8'LCD-10
Added Pin To Net: NetName=D5 Pin=2.4'/2.8'LCD-11
Added Pin To Net: NetName=D6 Pin=2.4'/2.8'LCD-12
Added Pin To Net: NetName=D7 Pin=2.4'/2.8'LCD-13
Added Pin To Net: NetName=D8 Pin=2.4'/2.8'LCD-14
Added Pin To Net: NetName=D9 Pin=2.4'/2.8'LCD-15
Added Pin To Net: NetName=D10 Pin=2.4'/2.8'LCD-16
Added Pin To Net: NetName=D11 Pin=2.4'/2.8'LCD-17
Added Pin To Net: NetName=D12 Pin=2.4'/2.8'LCD-18
Added Pin To Net: NetName=D13 Pin=2.4'/2.8'LCD-19
Added Pin To Net: NetName=D14 Pin=2.4'/2.8'LCD-20
Added Pin To Net: NetName=D15 Pin=2.4'/2.8'LCD-21
Added Pin To Net: NetName=GND Pin=2.4'/2.8'LCD-22
Added Pin To Net: NetName=BL Pin=2.4'/2.8'LCD-23
Added Pin To Net: NetName=3V3 Pin=2.4'/2.8'LCD-24
Added Pin To Net: NetName=3V3 Pin=2.4'/2.8'LCD-25
Added Pin To Net: NetName=GND Pin=2.4'/2.8'LCD-26
Added Pin To Net: NetName=GND Pin=2.4'/2.8'LCD-27
Added Pin To Net: NetName=+5 Pin=2.4'/2.8'LCD-28
Added Pin To Net: NetName=BOOT1 Pin=2.4'/2.8'LCD-29
Added Pin To Net: NetName=MOSI Pin=2.4'/2.8'LCD-30
Added Pin To Net: NetName=PEN Pin=2.4'/2.8'LCD-31
Added Pin To Net: NetName=MO Pin=2.4'/2.8'LCD-32
Added Pin To Net: NetName=CS Pin=2.4'/2.8'LCD-33
Added Pin To Net: NetName=CLK Pin=2.4'/2.8'LCD-34
Added Pin To Net: NetName=PE2 Pin=U?-1
Added Pin To Net: NetName=PE3 Pin=U?-2
Added Pin To Net: NetName=PE4 Pin=U?-3
Added Pin To Net: NetName=PE5 Pin=U?-4
Added Pin To Net: NetName=PE6 Pin=U?-5
Added Pin To Net: NetName=PC13 Pin=U?-7
Added Pin To Net: NetName=PC14 Pin=U?-8
Added Pin To Net: NetName=PC15 Pin=U?-9
Added Pin To Net: NetName=PF0 Pin=U?-10
Added Pin To Net: NetName=PF1 Pin=U?-11
Added Pin To Net: NetName=PF2 Pin=U?-12
Added Pin To Net: NetName=PF3 Pin=U?-13
Added Pin To Net: NetName=PF4 Pin=U?-14
Added Pin To Net: NetName=PF5 Pin=U?-15
Added Pin To Net: NetName=3V3 Pin=U?-16
Added Pin To Net: NetName=GND Pin=U?-17
Added Pin To Net: NetName=PF6 Pin=U?-18
Added Pin To Net: NetName=PF7 Pin=U?-19
Added Pin To Net: NetName=PF8 Pin=U?-20
Added Pin To Net: NetName=MOSI Pin=U?-21
Added Pin To Net: NetName=PEN Pin=U?-22
Added Pin To Net: NetName=X1 Pin=U?-23
Added Pin To Net: NetName=X2 Pin=U?-24
Added Pin To Net: NetName=NRST Pin=U?-25
Added Pin To Net: NetName=PC0 Pin=U?-26
Added Pin To Net: NetName=PC1 Pin=U?-27
Added Pin To Net: NetName=PC2 Pin=U?-28
Added Pin To Net: NetName=PC3 Pin=U?-29
Added Pin To Net: NetName=NetR3_2 Pin=U?-32
Added Pin To Net: NetName=VDDA Pin=U?-33
Added Pin To Net: NetName=PA0 Pin=U?-34
Added Pin To Net: NetName=PA1 Pin=U?-35
Added Pin To Net: NetName=PA2 Pin=U?-36
Added Pin To Net: NetName=PA3 Pin=U?-37
Added Pin To Net: NetName=3V3 Pin=U?-38
Added Pin To Net: NetName=GND Pin=U?-39
Added Pin To Net: NetName=PA4 Pin=U?-40
Added Pin To Net: NetName=PA5 Pin=U?-41
Added Pin To Net: NetName=PA6 Pin=U?-42
Added Pin To Net: NetName=PA7 Pin=U?-43
Added Pin To Net: NetName=PC4 Pin=U?-44
Added Pin To Net: NetName=PC5 Pin=U?-45
Added Pin To Net: NetName=BL Pin=U?-46
Added Pin To Net: NetName=CLK Pin=U?-47
Added Pin To Net: NetName=BOOT1 Pin=U?-48
Added Pin To Net: NetName=CS Pin=U?-49
Added Pin To Net: NetName=PF12 Pin=U?-50
Added Pin To Net: NetName=3V3 Pin=U?-51
Added Pin To Net: NetName=GND Pin=U?-52
Added Pin To Net: NetName=PF13 Pin=U?-53
Added Pin To Net: NetName=PF14 Pin=U?-54
Added Pin To Net: NetName=PF15 Pin=U?-55
Added Pin To Net: NetName=PG0 Pin=U?-56
Added Pin To Net: NetName=PG1 Pin=U?-57
Added Pin To Net: NetName=D4 Pin=U?-58
Added Pin To Net: NetName=D5 Pin=U?-59
Added Pin To Net: NetName=D6 Pin=U?-60
Added Pin To Net: NetName=3V3 Pin=U?-61
Added Pin To Net: NetName=GND Pin=U?-62
Added Pin To Net: NetName=D7 Pin=U?-63
Added Pin To Net: NetName=D8 Pin=U?-64
Added Pin To Net: NetName=D9 Pin=U?-65
Added Pin To Net: NetName=D10 Pin=U?-66
Added Pin To Net: NetName=D11 Pin=U?-67
Added Pin To Net: NetName=D12 Pin=U?-68
Added Pin To Net: NetName=PB10 Pin=U?-69
Added Pin To Net: NetName=PB11 Pin=U?-70
Added Pin To Net: NetName=3V3 Pin=U?-71
Added Pin To Net: NetName=GND Pin=U?-72
Added Pin To Net: NetName=PB12 Pin=U?-73
Added Pin To Net: NetName=PB13 Pin=U?-74
Added Pin To Net: NetName=PB14 Pin=U?-75
Added Pin To Net: NetName=PB15 Pin=U?-76
Added Pin To Net: NetName=D13 Pin=U?-77
Added Pin To Net: NetName=D14 Pin=U?-78
Added Pin To Net: NetName=D15 Pin=U?-79
Added Pin To Net: NetName=PD11 Pin=U?-80
Added Pin To Net: NetName=PD12 Pin=U?-81
Added Pin To Net: NetName=PD13 Pin=U?-82
Added Pin To Net: NetName=3V3 Pin=U?-83
Added Pin To Net: NetName=GND Pin=U?-84
Added Pin To Net: NetName=D0 Pin=U?-85
Added Pin To Net: NetName=D1 Pin=U?-86
Added Pin To Net: NetName=PG2 Pin=U?-87
Added Pin To Net: NetName=PG3 Pin=U?-88
Added Pin To Net: NetName=PG4 Pin=U?-89
Added Pin To Net: NetName=PG5 Pin=U?-90
Added Pin To Net: NetName=PG6 Pin=U?-91
Added Pin To Net: NetName=PG7 Pin=U?-92
Added Pin To Net: NetName=PG8 Pin=U?-93
Added Pin To Net: NetName=3V3 Pin=U?-94
Added Pin To Net: NetName=GND Pin=U?-95
Added Pin To Net: NetName=PC6 Pin=U?-96
Added Pin To Net: NetName=PC7 Pin=U?-97
Added Pin To Net: NetName=PC8 Pin=U?-98
Added Pin To Net: NetName=PC9 Pin=U?-99
Added Pin To Net: NetName=PA8 Pin=U?-100
Added Pin To Net: NetName=PA9 Pin=U?-101
Added Pin To Net: NetName=PA10 Pin=U?-102
Added Pin To Net: NetName=PA11 Pin=U?-103
Added Pin To Net: NetName=PA12 Pin=U?-104
Added Pin To Net: NetName=JTMS Pin=U?-105
Added Pin To Net: NetName=3V3 Pin=U?-107
Added Pin To Net: NetName=GND Pin=U?-108
Added Pin To Net: NetName=JTCK Pin=U?-109
Added Pin To Net: NetName=JTDI Pin=U?-110
Added Pin To Net: NetName=PC10 Pin=U?-111
Added Pin To Net: NetName=PC11 Pin=U?-112
Added Pin To Net: NetName=PC12 Pin=U?-113
Added Pin To Net: NetName=D2 Pin=U?-114
Added Pin To Net: NetName=D3 Pin=U?-115
Added Pin To Net: NetName=PD2 Pin=U?-116
Added Pin To Net: NetName=PD3 Pin=U?-117
Added Pin To Net: NetName=PD4 Pin=U?-118
Added Pin To Net: NetName=PD5 Pin=U?-119
Added Pin To Net: NetName=3V3 Pin=U?-120
Added Pin To Net: NetName=GND Pin=U?-121
Added Pin To Net: NetName=PD6 Pin=U?-122
Added Pin To Net: NetName=PD7 Pin=U?-123
Added Pin To Net: NetName=PG9 Pin=U?-124
Added Pin To Net: NetName=PG10 Pin=U?-125
Added Pin To Net: NetName=PG11 Pin=U?-126
Added Pin To Net: NetName=LCD_CS Pin=U?-127
Added Pin To Net: NetName=PG13 Pin=U?-128
Added Pin To Net: NetName=PG14 Pin=U?-129
Added Pin To Net: NetName=3V3 Pin=U?-130
Added Pin To Net: NetName=GND Pin=U?-131
Added Pin To Net: NetName=PG15 Pin=U?-132
Added Pin To Net: NetName=JTDO Pin=U?-133
Added Pin To Net: NetName=JNRST Pin=U?-134
Added Pin To Net: NetName=PB5 Pin=U?-135
Added Pin To Net: NetName=PB6 Pin=U?-136
Added Pin To Net: NetName=PB7 Pin=U?-137
Added Pin To Net: NetName=BOOT0 Pin=U?-138
Added Pin To Net: NetName=BEEP Pin=U?-139
Added Pin To Net: NetName=PB9 Pin=U?-140
Added Pin To Net: NetName=PE0 Pin=U?-141
Added Pin To Net: NetName=PE1 Pin=U?-142
Added Pin To Net: NetName=3V3 Pin=U?-143
Added Pin To Net: NetName=GND Pin=U?-144
Added Pin To Net: NetName=VBAT Pin=BAT1-1
Added Pin To Net: NetName=VBAT Pin=U?-6
Added Net: Name=VBAT
Added Member To Class: ClassName=新苗 Member=Component 2.4'/2.8'LCD TFT_LCD
Added Member To Class: ClassName=新苗 Member=Component U? STM32F103ZET6
Added Room: Name=新苗
