Removed Pin From Net: NetName=PE2 Pin=U1-1
Removed Pin From Net: NetName=PE3 Pin=U1-2
Removed Pin From Net: NetName=PE4 Pin=U1-3
Removed Pin From Net: NetName=PE5 Pin=U1-4
Removed Pin From Net: NetName=PE6 Pin=U1-5
Removed Pin From Net: NetName=PC13 Pin=U1-7
Removed Pin From Net: NetName=PC14 Pin=U1-8
Removed Pin From Net: NetName=PC15 Pin=U1-9
Removed Pin From Net: NetName=PF0 Pin=U1-10
Removed Pin From Net: NetName=PF1 Pin=U1-11
Removed Pin From Net: NetName=PF2 Pin=U1-12
Removed Pin From Net: NetName=PF3 Pin=U1-13
Removed Pin From Net: NetName=PF4 Pin=U1-14
Removed Pin From Net: NetName=PF5 Pin=U1-15
Removed Pin From Net: NetName=PF6 Pin=U1-18
Removed Pin From Net: NetName=PF7 Pin=U1-19
Removed Pin From Net: NetName=PF8 Pin=U1-20
Removed Pin From Net: NetName=PF9 Pin=U1-21
Removed Pin From Net: NetName=PF10 Pin=U1-22
Removed Pin From Net: NetName=PC0 Pin=U1-26
Removed Pin From Net: NetName=PC1 Pin=U1-27
Removed Pin From Net: NetName=PC2 Pin=U1-28
Removed Pin From Net: NetName=PC3 Pin=U1-29
Removed Pin From Net: NetName=PA0 Pin=U1-34
Removed Pin From Net: NetName=PA1 Pin=U1-35
Removed Pin From Net: NetName=PA2 Pin=U1-36
Removed Pin From Net: NetName=PA3 Pin=U1-37
Removed Pin From Net: NetName=PA4 Pin=U1-40
Removed Pin From Net: NetName=PA5 Pin=U1-41
Removed Pin From Net: NetName=PA6 Pin=U1-42
Removed Pin From Net: NetName=PA7 Pin=U1-43
Removed Pin From Net: NetName=PC4 Pin=U1-44
Removed Pin From Net: NetName=PC5 Pin=U1-45
Removed Pin From Net: NetName=PB0 Pin=U1-46
Removed Pin From Net: NetName=PB1 Pin=U1-47
Removed Pin From Net: NetName=PB2 Pin=U1-48
Removed Pin From Net: NetName=PF11 Pin=U1-49
Removed Pin From Net: NetName=PF12 Pin=U1-50
Removed Pin From Net: NetName=PF13 Pin=U1-53
Removed Pin From Net: NetName=PF14 Pin=U1-54
Removed Pin From Net: NetName=PF15 Pin=U1-55
Removed Pin From Net: NetName=PG0 Pin=U1-56
Removed Pin From Net: NetName=PG1 Pin=U1-57
Removed Pin From Net: NetName=PE7 Pin=U1-58
Removed Pin From Net: NetName=PE8 Pin=U1-59
Removed Pin From Net: NetName=PE9 Pin=U1-60
Removed Pin From Net: NetName=PE10 Pin=U1-63
Removed Pin From Net: NetName=PE11 Pin=U1-64
Removed Pin From Net: NetName=PE12 Pin=U1-65
Removed Pin From Net: NetName=PE13 Pin=U1-66
Removed Pin From Net: NetName=PE14 Pin=U1-67
Removed Pin From Net: NetName=PE15 Pin=U1-68
Removed Pin From Net: NetName=PB10 Pin=U1-69
Removed Pin From Net: NetName=PB11 Pin=U1-70
Removed Pin From Net: NetName=PB12 Pin=U1-73
Removed Pin From Net: NetName=PB13 Pin=U1-74
Removed Pin From Net: NetName=PB14 Pin=U1-75
Removed Pin From Net: NetName=PB15 Pin=U1-76
Removed Pin From Net: NetName=PD8 Pin=U1-77
Removed Pin From Net: NetName=PD9 Pin=U1-78
Removed Pin From Net: NetName=PD10 Pin=U1-79
Removed Pin From Net: NetName=PD11 Pin=U1-80
Removed Pin From Net: NetName=PD12 Pin=U1-81
Removed Pin From Net: NetName=PD13 Pin=U1-82
Removed Pin From Net: NetName=PD14 Pin=U1-85
Removed Pin From Net: NetName=PD15 Pin=U1-86
Removed Pin From Net: NetName=PG2 Pin=U1-87
Removed Pin From Net: NetName=PG3 Pin=U1-88
Removed Pin From Net: NetName=PG4 Pin=U1-89
Removed Pin From Net: NetName=PG5 Pin=U1-90
Removed Pin From Net: NetName=PG6 Pin=U1-91
Removed Pin From Net: NetName=PG7 Pin=U1-92
Removed Pin From Net: NetName=PG8 Pin=U1-93
Removed Pin From Net: NetName=PC6 Pin=U1-96
Removed Pin From Net: NetName=PC7 Pin=U1-97
Removed Pin From Net: NetName=PC8 Pin=U1-98
Removed Pin From Net: NetName=PC9 Pin=U1-99
Removed Pin From Net: NetName=PA8 Pin=U1-100
Removed Pin From Net: NetName=PA9 Pin=U1-101
Removed Pin From Net: NetName=PA10 Pin=U1-102
Removed Pin From Net: NetName=PA11 Pin=U1-103
Removed Pin From Net: NetName=PA12 Pin=U1-104
Removed Pin From Net: NetName=PA13 Pin=U1-105
Removed Pin From Net: NetName=PA14 Pin=U1-109
Removed Pin From Net: NetName=PA15 Pin=U1-110
Removed Pin From Net: NetName=PC10 Pin=U1-111
Removed Pin From Net: NetName=PC11 Pin=U1-112
Removed Pin From Net: NetName=PC12 Pin=U1-113
Removed Pin From Net: NetName=PD0 Pin=U1-114
Removed Pin From Net: NetName=PD1 Pin=U1-115
Removed Pin From Net: NetName=PD2 Pin=U1-116
Removed Pin From Net: NetName=PD3 Pin=U1-117
Removed Pin From Net: NetName=PD4 Pin=U1-118
Removed Pin From Net: NetName=PD5 Pin=U1-119
Removed Pin From Net: NetName=PD6 Pin=U1-122
Removed Pin From Net: NetName=PD7 Pin=U1-123
Removed Pin From Net: NetName=PG9 Pin=U1-124
Removed Pin From Net: NetName=PG10 Pin=U1-125
Removed Pin From Net: NetName=PG11 Pin=U1-126
Removed Pin From Net: NetName=PG12 Pin=U1-127
Removed Pin From Net: NetName=PG13 Pin=U1-128
Removed Pin From Net: NetName=PG14 Pin=U1-129
Removed Pin From Net: NetName=PG15 Pin=U1-132
Removed Pin From Net: NetName=PB3 Pin=U1-133
Removed Pin From Net: NetName=PB4 Pin=U1-134
Removed Pin From Net: NetName=PB5 Pin=U1-135
Removed Pin From Net: NetName=PB6 Pin=U1-136
Removed Pin From Net: NetName=PB7 Pin=U1-137
Removed Pin From Net: NetName=PB8 Pin=U1-139
Removed Pin From Net: NetName=PB9 Pin=U1-140
Removed Pin From Net: NetName=PE0 Pin=U1-141
Removed Pin From Net: NetName=PE1 Pin=U1-142
Removed Member From Class: ClassName=ÐÂÃç Member=U2
Change Component Designator: OldDesignator=U2 NewDesignator=U1
Added Pin To Net: NetName=PE2 Pin=U1-1
Added Pin To Net: NetName=PE3 Pin=U1-2
Added Pin To Net: NetName=PE4 Pin=U1-3
Added Pin To Net: NetName=PE5 Pin=U1-4
Added Pin To Net: NetName=PE6 Pin=U1-5
Added Pin To Net: NetName=PC13 Pin=U1-7
Added Pin To Net: NetName=PC14 Pin=U1-8
Added Pin To Net: NetName=PC15 Pin=U1-9
Added Pin To Net: NetName=PF0 Pin=U1-10
Added Pin To Net: NetName=PF1 Pin=U1-11
Added Pin To Net: NetName=PF2 Pin=U1-12
Added Pin To Net: NetName=PF3 Pin=U1-13
Added Pin To Net: NetName=PF4 Pin=U1-14
Added Pin To Net: NetName=PF5 Pin=U1-15
Added Pin To Net: NetName=PF6 Pin=U1-18
Added Pin To Net: NetName=PF7 Pin=U1-19
Added Pin To Net: NetName=PF8 Pin=U1-20
Added Pin To Net: NetName=PF9 Pin=U1-21
Added Pin To Net: NetName=PF10 Pin=U1-22
Added Pin To Net: NetName=PC0 Pin=U1-26
Added Pin To Net: NetName=PC1 Pin=U1-27
Added Pin To Net: NetName=PC2 Pin=U1-28
Added Pin To Net: NetName=PC3 Pin=U1-29
Added Pin To Net: NetName=PA0 Pin=U1-34
Added Pin To Net: NetName=PA1 Pin=U1-35
Added Pin To Net: NetName=PA2 Pin=U1-36
Added Pin To Net: NetName=PA3 Pin=U1-37
Added Pin To Net: NetName=PA4 Pin=U1-40
Added Pin To Net: NetName=PA5 Pin=U1-41
Added Pin To Net: NetName=PA6 Pin=U1-42
Added Pin To Net: NetName=PA7 Pin=U1-43
Added Pin To Net: NetName=PC4 Pin=U1-44
Added Pin To Net: NetName=PC5 Pin=U1-45
Added Pin To Net: NetName=PB0 Pin=U1-46
Added Pin To Net: NetName=PB1 Pin=U1-47
Added Pin To Net: NetName=PB2 Pin=U1-48
Added Pin To Net: NetName=PF11 Pin=U1-49
Added Pin To Net: NetName=PF12 Pin=U1-50
Added Pin To Net: NetName=PF13 Pin=U1-53
Added Pin To Net: NetName=PF14 Pin=U1-54
Added Pin To Net: NetName=PF15 Pin=U1-55
Added Pin To Net: NetName=PG0 Pin=U1-56
Added Pin To Net: NetName=PG1 Pin=U1-57
Added Pin To Net: NetName=PE7 Pin=U1-58
Added Pin To Net: NetName=PE8 Pin=U1-59
Added Pin To Net: NetName=PE9 Pin=U1-60
Added Pin To Net: NetName=PE10 Pin=U1-63
Added Pin To Net: NetName=PE11 Pin=U1-64
Added Pin To Net: NetName=PE12 Pin=U1-65
Added Pin To Net: NetName=PE13 Pin=U1-66
Added Pin To Net: NetName=PE14 Pin=U1-67
Added Pin To Net: NetName=PE15 Pin=U1-68
Added Pin To Net: NetName=PB10 Pin=U1-69
Added Pin To Net: NetName=PB11 Pin=U1-70
Added Pin To Net: NetName=PB12 Pin=U1-73
Added Pin To Net: NetName=PB13 Pin=U1-74
Added Pin To Net: NetName=PB14 Pin=U1-75
Added Pin To Net: NetName=PB15 Pin=U1-76
Added Pin To Net: NetName=PD8 Pin=U1-77
Added Pin To Net: NetName=PD9 Pin=U1-78
Added Pin To Net: NetName=PD10 Pin=U1-79
Added Pin To Net: NetName=PD11 Pin=U1-80
Added Pin To Net: NetName=PD12 Pin=U1-81
Added Pin To Net: NetName=PD13 Pin=U1-82
Added Pin To Net: NetName=PD14 Pin=U1-85
Added Pin To Net: NetName=PD15 Pin=U1-86
Added Pin To Net: NetName=PG2 Pin=U1-87
Added Pin To Net: NetName=PG3 Pin=U1-88
Added Pin To Net: NetName=PG4 Pin=U1-89
Added Pin To Net: NetName=PG5 Pin=U1-90
Added Pin To Net: NetName=PG6 Pin=U1-91
Added Pin To Net: NetName=PG7 Pin=U1-92
Added Pin To Net: NetName=PG8 Pin=U1-93
Added Pin To Net: NetName=PC6 Pin=U1-96
Added Pin To Net: NetName=PC7 Pin=U1-97
Added Pin To Net: NetName=PC8 Pin=U1-98
Added Pin To Net: NetName=PC9 Pin=U1-99
Added Pin To Net: NetName=PA8 Pin=U1-100
Added Pin To Net: NetName=PA9 Pin=U1-101
Added Pin To Net: NetName=PA10 Pin=U1-102
Added Pin To Net: NetName=PA11 Pin=U1-103
Added Pin To Net: NetName=PA12 Pin=U1-104
Added Pin To Net: NetName=PA13 Pin=U1-105
Added Pin To Net: NetName=PA14 Pin=U1-109
Added Pin To Net: NetName=PA15 Pin=U1-110
Added Pin To Net: NetName=PC10 Pin=U1-111
Added Pin To Net: NetName=PC11 Pin=U1-112
Added Pin To Net: NetName=PC12 Pin=U1-113
Added Pin To Net: NetName=PD0 Pin=U1-114
Added Pin To Net: NetName=PD1 Pin=U1-115
Added Pin To Net: NetName=PD2 Pin=U1-116
Added Pin To Net: NetName=PD3 Pin=U1-117
Added Pin To Net: NetName=PD4 Pin=U1-118
Added Pin To Net: NetName=PD5 Pin=U1-119
Added Pin To Net: NetName=PD6 Pin=U1-122
Added Pin To Net: NetName=PD7 Pin=U1-123
Added Pin To Net: NetName=PG9 Pin=U1-124
Added Pin To Net: NetName=PG10 Pin=U1-125
Added Pin To Net: NetName=PG11 Pin=U1-126
Added Pin To Net: NetName=PG12 Pin=U1-127
Added Pin To Net: NetName=PG13 Pin=U1-128
Added Pin To Net: NetName=PG14 Pin=U1-129
Added Pin To Net: NetName=PG15 Pin=U1-132
Added Pin To Net: NetName=PB3 Pin=U1-133
Added Pin To Net: NetName=PB4 Pin=U1-134
Added Pin To Net: NetName=PB5 Pin=U1-135
Added Pin To Net: NetName=PB6 Pin=U1-136
Added Pin To Net: NetName=PB7 Pin=U1-137
Added Pin To Net: NetName=PB8 Pin=U1-139
Added Pin To Net: NetName=PB9 Pin=U1-140
Added Pin To Net: NetName=PE0 Pin=U1-141
Added Pin To Net: NetName=PE1 Pin=U1-142
