Removed Pin From Net: NetName=LCD_CS Pin=2.4'/2.8'LCD-1
Removed Pin From Net: NetName=RS Pin=2.4'/2.8'LCD-2
Removed Pin From Net: NetName=PD5 Pin=2.4'/2.8'LCD-3
Removed Pin From Net: NetName=RD Pin=2.4'/2.8'LCD-4
Removed Pin From Net: NetName=NRST Pin=2.4'/2.8'LCD-5
Removed Pin From Net: NetName=D0 Pin=2.4'/2.8'LCD-6
Removed Pin From Net: NetName=D1 Pin=2.4'/2.8'LCD-7
Removed Pin From Net: NetName=D2 Pin=2.4'/2.8'LCD-8
Removed Pin From Net: NetName=D3 Pin=2.4'/2.8'LCD-9
Removed Pin From Net: NetName=D4 Pin=2.4'/2.8'LCD-10
Removed Pin From Net: NetName=D5 Pin=2.4'/2.8'LCD-11
Removed Pin From Net: NetName=D6 Pin=2.4'/2.8'LCD-12
Removed Pin From Net: NetName=D7 Pin=2.4'/2.8'LCD-13
Removed Pin From Net: NetName=D8 Pin=2.4'/2.8'LCD-14
Removed Pin From Net: NetName=D9 Pin=2.4'/2.8'LCD-15
Removed Pin From Net: NetName=D10 Pin=2.4'/2.8'LCD-16
Removed Pin From Net: NetName=D11 Pin=2.4'/2.8'LCD-17
Removed Pin From Net: NetName=D12 Pin=2.4'/2.8'LCD-18
Removed Pin From Net: NetName=D13 Pin=2.4'/2.8'LCD-19
Removed Pin From Net: NetName=D14 Pin=2.4'/2.8'LCD-20
Removed Pin From Net: NetName=D15 Pin=2.4'/2.8'LCD-21
Removed Pin From Net: NetName=GND Pin=2.4'/2.8'LCD-22
Removed Pin From Net: NetName=BL Pin=2.4'/2.8'LCD-23
Removed Pin From Net: NetName=3V3 Pin=2.4'/2.8'LCD-24
Removed Pin From Net: NetName=3V3 Pin=2.4'/2.8'LCD-25
Removed Pin From Net: NetName=GND Pin=2.4'/2.8'LCD-26
Removed Pin From Net: NetName=GND Pin=2.4'/2.8'LCD-27
Removed Pin From Net: NetName=+5 Pin=2.4'/2.8'LCD-28
Removed Pin From Net: NetName=BOOT1 Pin=2.4'/2.8'LCD-29
Removed Pin From Net: NetName=MOSI Pin=2.4'/2.8'LCD-30
Removed Pin From Net: NetName=PEN Pin=2.4'/2.8'LCD-31
Removed Pin From Net: NetName=MO Pin=2.4'/2.8'LCD-32
Removed Pin From Net: NetName=CS Pin=2.4'/2.8'LCD-33
Removed Pin From Net: NetName=CLK Pin=2.4'/2.8'LCD-34
Removed Member From Class: ClassName=ÐÂÃç Member=2.4'/2.8'LCD
Change Component Designator: OldDesignator=U? NewDesignator=U1
Added Component: Designator=P3(HDR2X17)
Added Pin To Net: NetName=LCD_CS Pin=P3-1
Added Pin To Net: NetName=RS Pin=P3-2
Added Pin To Net: NetName=PD5 Pin=P3-3
Added Pin To Net: NetName=RD Pin=P3-4
Added Pin To Net: NetName=NRST Pin=P3-5
Added Pin To Net: NetName=D0 Pin=P3-6
Added Pin To Net: NetName=D1 Pin=P3-7
Added Pin To Net: NetName=D2 Pin=P3-8
Added Pin To Net: NetName=D3 Pin=P3-9
Added Pin To Net: NetName=D4 Pin=P3-10
Added Pin To Net: NetName=D5 Pin=P3-11
Added Pin To Net: NetName=D6 Pin=P3-12
Added Pin To Net: NetName=D7 Pin=P3-13
Added Pin To Net: NetName=D8 Pin=P3-14
Added Pin To Net: NetName=D9 Pin=P3-15
Added Pin To Net: NetName=D10 Pin=P3-16
Added Pin To Net: NetName=D11 Pin=P3-17
Added Pin To Net: NetName=D12 Pin=P3-18
Added Pin To Net: NetName=D13 Pin=P3-19
Added Pin To Net: NetName=D14 Pin=P3-20
Added Pin To Net: NetName=D15 Pin=P3-21
Added Pin To Net: NetName=GND Pin=P3-22
Added Pin To Net: NetName=BL Pin=P3-23
Added Pin To Net: NetName=3V3 Pin=P3-24
Added Pin To Net: NetName=3V3 Pin=P3-25
Added Pin To Net: NetName=GND Pin=P3-26
Added Pin To Net: NetName=GND Pin=P3-27
Added Pin To Net: NetName=+5 Pin=P3-28
Added Pin To Net: NetName=BOOT1 Pin=P3-29
Added Pin To Net: NetName=MOSI Pin=P3-30
Added Pin To Net: NetName=PEN Pin=P3-31
Added Pin To Net: NetName=MO Pin=P3-32
Added Pin To Net: NetName=CS Pin=P3-33
Added Pin To Net: NetName=CLK Pin=P3-34
Added Member To Class: ClassName=ÐÂÃç Member=Component P3 Header 17X2
Added Room: Name=ÐÂÃç
