Added Component: Designator=BAT1(BATM)
Added Component: Designator=P1(HDR2X3)
Added Component: Designator=P2(HDR2X10)
Added Component: Designator=R1(J1-0603)
Added Component: Designator=R2(J1-0603)
Added Component: Designator=R3(J1-0603)
Added Pin To Net: NetName=+5 Pin=P2-19
Added Net: Name=+5
Added Pin To Net: NetName=3V3 Pin=P1-1
Added Pin To Net: NetName=3V3 Pin=P1-2
Added Pin To Net: NetName=3V3 Pin=U1-17
Added Pin To Net: NetName=3V3 Pin=U1-39
Added Pin To Net: NetName=3V3 Pin=U1-52
Added Pin To Net: NetName=3V3 Pin=U1-62
Added Pin To Net: NetName=3V3 Pin=U1-84
Added Pin To Net: NetName=3V3 Pin=U1-95
Added Pin To Net: NetName=3V3 Pin=U1-121
Added Pin To Net: NetName=3V3 Pin=U1-131
Added Pin To Net: NetName=3V3 Pin=U1-144
Added Net: Name=3V3
Added Pin To Net: NetName=BOOT0 Pin=R2-2
Added Pin To Net: NetName=BOOT0 Pin=U1-138
Added Net: Name=BOOT0
Added Pin To Net: NetName=BOOT1 Pin=R1-1
Added Pin To Net: NetName=BOOT1 Pin=U1-48
Added Net: Name=BOOT1
Added Pin To Net: NetName=GND Pin=BAT1-2
Added Pin To Net: NetName=GND Pin=P1-5
Added Pin To Net: NetName=GND Pin=P1-6
Added Pin To Net: NetName=GND Pin=P2-4
Added Pin To Net: NetName=GND Pin=P2-6
Added Pin To Net: NetName=GND Pin=P2-8
Added Pin To Net: NetName=GND Pin=P2-10
Added Pin To Net: NetName=GND Pin=P2-12
Added Pin To Net: NetName=GND Pin=P2-14
Added Pin To Net: NetName=GND Pin=P2-16
Added Pin To Net: NetName=GND Pin=P2-18
Added Pin To Net: NetName=GND Pin=P2-20
Added Pin To Net: NetName=GND Pin=U1-16
Added Pin To Net: NetName=GND Pin=U1-38
Added Pin To Net: NetName=GND Pin=U1-51
Added Pin To Net: NetName=GND Pin=U1-61
Added Pin To Net: NetName=GND Pin=U1-71
Added Pin To Net: NetName=GND Pin=U1-83
Added Pin To Net: NetName=GND Pin=U1-94
Added Pin To Net: NetName=GND Pin=U1-107
Added Pin To Net: NetName=GND Pin=U1-120
Added Pin To Net: NetName=GND Pin=U1-130
Added Pin To Net: NetName=GND Pin=U1-143
Added Net: Name=GND
Added Pin To Net: NetName=JNRST Pin=P2-3
Added Pin To Net: NetName=JNRST Pin=U1-134
Added Net: Name=JNRST
Added Pin To Net: NetName=JTCK Pin=P2-9
Added Pin To Net: NetName=JTCK Pin=U1-109
Added Net: Name=JTCK
Added Pin To Net: NetName=JTDI Pin=P2-5
Added Pin To Net: NetName=JTDI Pin=U1-110
Added Net: Name=JTDI
Added Pin To Net: NetName=JTDO Pin=P2-13
Added Pin To Net: NetName=JTDO Pin=U1-133
Added Net: Name=JTDO
Added Pin To Net: NetName=JTMS Pin=P2-7
Added Pin To Net: NetName=JTMS Pin=U1-105
Added Net: Name=JTMS
Added Pin To Net: NetName=NetBAT1_1 Pin=BAT1-1
Added Pin To Net: NetName=NetBAT1_1 Pin=U1-6
Added Net: Name=NetBAT1_1
Added Pin To Net: NetName=NetP1_3 Pin=P1-3
Added Pin To Net: NetName=NetP1_3 Pin=R1-2
Added Net: Name=NetP1_3
Added Pin To Net: NetName=NetP1_4 Pin=P1-4
Added Pin To Net: NetName=NetP1_4 Pin=R2-1
Added Net: Name=NetP1_4
Added Pin To Net: NetName=NetR3_1 Pin=R3-1
Added Pin To Net: NetName=NetR3_1 Pin=U1-32
Added Net: Name=NetR3_1
Added Pin To Net: NetName=NRST Pin=P2-15
Added Pin To Net: NetName=NRST Pin=U1-25
Added Net: Name=NRST
Added Pin To Net: NetName=VDDA Pin=R3-2
Added Pin To Net: NetName=VDDA Pin=U1-33
Added Net: Name=VDDA
Added Pin To Net: NetName=VDD Pin=P2-1
Added Pin To Net: NetName=VDD Pin=P2-2
Added Net: Name=VDD
Added Pin To Net: NetName=X1 Pin=U1-23
Added Net: Name=X1
Added Pin To Net: NetName=X2 Pin=U1-24
Added Net: Name=X2
Added Member To Class: ClassName=新苗 Member=Component BAT1 BATT
Added Member To Class: ClassName=新苗 Member=Component P1 Header 3X2
Added Member To Class: ClassName=新苗 Member=Component P2 Header 10X2
Added Member To Class: ClassName=新苗 Member=Component R1 Res3
Added Member To Class: ClassName=新苗 Member=Component R2 Res3
Added Member To Class: ClassName=新苗 Member=Component R3 Res3
Added Member To Class: ClassName=新苗 Member=Component U1 STM32F103ZET6
Added Room: Name=新苗
